<?xml version="1.0" encoding="UTF-8"?>
<!-- Generated by org.testng.reporters.JUnitXMLReporter -->
<testsuite ignored="4" hostname="QSP" failures="0" tests="3" name="Test" time="5.671" errors="0" timestamp="2021-07-22T20:26:12 IST">
  <testcase classname="com.wipro.rmgyantra.scripts.AddSingleProjectWithCreatedStatus" name="createdStauts" time="5.203"/>
  <testcase classname="com.wipro.rmgyantra.scripts.AddSingleProjectWithCompletedStatus" name="completedStatus" time="0.187"/>
  <testcase classname="com.wipro.rmgyantra.scripts.AddSingleProjectWithOnGoingstatus" name="goingStatus" time="0.217"/>
  <testcase classname="com.wipro.rmgyantra.genericlib.BaseClass" name="@BeforeSuite configBS" time="0.0">
    <ignored/>
  </testcase> <!-- @BeforeSuite configBS -->
  <testcase classname="com.wipro.rmgyantra.genericlib.BaseClass" name="@BeforeSuite configBS" time="0.0">
    <ignored/>
  </testcase> <!-- @BeforeSuite configBS -->
  <testcase classname="com.wipro.rmgyantra.genericlib.BaseClass" name="@AfterSuite ConfigAS" time="0.0">
    <ignored/>
  </testcase> <!-- @AfterSuite ConfigAS -->
  <testcase classname="com.wipro.rmgyantra.genericlib.BaseClass" name="@AfterSuite ConfigAS" time="0.0">
    <ignored/>
  </testcase> <!-- @AfterSuite ConfigAS -->
</testsuite> <!-- Test -->
